<?xml version="1.0" encoding="UTF-8"?>
<!-- Generated by org.testng.reporters.JUnitReportReporter -->
<testsuite skipped="0" hostname="LAPTOP-2ETIJKAP" name="test.LoginTest" tests="1" failures="0" timestamp="2022-07-27T10:52:07 CDT" time="3.305" errors="0">
  <testcase name="validUserShouldBeAbleToLogin" time="3.305" classname="test.LoginTest"/>
  <system-out/>
</testsuite> <!-- test.LoginTest -->
