<?xml version="1.0" encoding="UTF-8"?>
<!-- Generated by org.testng.reporters.JUnitReportReporter -->
<testsuite skipped="0" hostname="LAPTOP-2ETIJKAP" name="test.AddCustomerTest" tests="1" failures="0" timestamp="2022-07-29T17:21:22 CDT" time="10.187" errors="0">
  <testcase name="userShouldBeAbleToCreateCustomer" time="10.187" classname="test.AddCustomerTest"/>
  <system-out/>
</testsuite> <!-- test.AddCustomerTest -->
