<?xml version="1.0" encoding="UTF-8"?>
<!-- Generated by org.testng.reporters.JUnitReportReporter -->
<testsuite skipped="0" hostname="LAPTOP-2ETIJKAP" name="test.AddCustomerTest" tests="1" failures="0" timestamp="2022-07-27T22:52:11 CDT" time="5.135" errors="0">
  <testcase name="userShouldBeAbleToCreateCustomer" time="5.135" classname="test.AddCustomerTest"/>
  <system-out/>
</testsuite> <!-- test.AddCustomerTest -->
